[18:54:26] [main/INFO] (FabricLoader/GameProvider) Loading Minecraft 1.21 with Fabric Loader 0.15.11
[18:54:27] [main/INFO] (FabricLoader) Loading 43 mods:
	- fabric-api 0.102.0+1.21
	- fabric-api-base 0.4.42+6573ed8cd1
	- fabric-api-lookup-api-v1 1.6.68+b5597344d1
	- fabric-biome-api-v1 13.0.29+5bd9f1bcd1
	- fabric-block-api-v1 1.0.22+0af3f5a7d1
	- fabric-block-view-api-v2 1.0.10+6573ed8cd1
	- fabric-command-api-v1 1.2.49+f71b366fd1
	- fabric-command-api-v2 2.2.28+6ced4dd9d1
	- fabric-commands-v0 0.2.66+df3654b3d1
	- fabric-content-registries-v0 8.0.16+b5597344d1
	- fabric-convention-tags-v1 2.0.19+7f945d5bd1
	- fabric-convention-tags-v2 2.5.0+c5e2b5c6d1
	- fabric-crash-report-info-v1 0.2.29+0af3f5a7d1
	- fabric-data-attachment-api-v1 1.1.27+6a6dfa19d1
	- fabric-data-generation-api-v1 20.2.16+16c4ae25d1
	- fabric-dimensions-v1 4.0.0+6fc22b99d1
	- fabric-entity-events-v1 1.6.12+6fc22b99d1
	- fabric-events-interaction-v0 0.7.12+ba9dae06d1
	- fabric-game-rule-api-v1 1.0.53+6ced4dd9d1
	- fabric-gametest-api-v1 2.0.4+6fc22b99d1
	- fabric-item-api-v1 11.0.0+afdfc921d1
	- fabric-item-group-api-v1 4.1.4+78017270d1
	- fabric-lifecycle-events-v1 2.3.12+6c1df360d1
	- fabric-loot-api-v2 3.0.14+3f89f5a5d1
	- fabric-loot-api-v3 1.0.2+3f89f5a5d1
	- fabric-message-api-v1 6.0.13+6573ed8cd1
	- fabric-networking-api-v1 4.2.2+60c3209bd1
	- fabric-object-builder-api-v1 15.2.0+a551f7a4d1
	- fabric-particles-v1 4.0.2+6573ed8cd1
	- fabric-recipe-api-v1 5.0.12+65089712d1
	- fabric-registry-sync-v0 5.1.2+60c3209bd1
	- fabric-rendering-data-attachment-v1 0.3.48+73761d2ed1
	- fabric-rendering-fluids-v1 3.1.6+b5597344d1
	- fabric-resource-conditions-api-v1 4.3.0+8dc279b1d1
	- fabric-resource-loader-v0 1.3.0+56599129d1
	- fabric-screen-handler-api-v1 1.3.86+b5597344d1
	- fabric-transfer-api-v1 5.1.16+3dccd343d1
	- fabric-transitive-access-wideners-v1 6.1.0+176f9036d1
	- fabricloader 0.15.11
	- java 21
	- minecraft 1.21
	- mixinextras 0.3.5
	- templatemod 1.0.0
[18:54:27] [main/INFO] (FabricLoader/Mixin) SpongePowered MIXIN Subsystem Version=0.8.5 Source=file:/C:/Users/Jean/.gradle/caches/modules-2/files-2.1/net.fabricmc/sponge-mixin/0.13.3+mixin.0.8.5/9527e6b0d2449408958fd1302594dc65ec5ade9c/sponge-mixin-0.13.3+mixin.0.8.5.jar Service=Knot/Fabric Env=SERVER
[18:54:27] [main/INFO] (FabricLoader/Mixin) Loaded Fabric development mappings for mixin remapper!
[18:54:27] [main/INFO] (FabricLoader/Mixin) Compatibility level set to JAVA_17
[18:54:27] [main/INFO] (FabricLoader/Mixin) Compatibility level set to JAVA_21
[18:54:27] [main/INFO] (FabricLoader/MixinExtras|Service) Initializing MixinExtras via com.llamalad7.mixinextras.service.MixinExtrasServiceImpl(version=0.3.5).
[18:54:35] [main/INFO] (templatemod) Loading mod with mod id templatemod
[18:54:35] [main/INFO] (Minecraft) Environment: Environment[sessionHost=https://sessionserver.mojang.com, servicesHost=https://api.minecraftservices.com, name=PROD]
[18:54:36] [main/INFO] (Minecraft) No existing world data, creating new world
[18:54:36] [main/INFO] (Minecraft) Loaded 1290 recipes
[18:54:36] [main/INFO] (Minecraft) Loaded 1399 advancements
[18:54:37] [main/INFO] (BiomeModificationImpl) Applied 0 biome modifications to 0 of 64 new biomes in 1.231 ms
[18:54:37] [Server thread/INFO] (Minecraft) Starting minecraft server version 1.21
[18:54:37] [Server thread/INFO] (Minecraft) Loading properties
[18:54:37] [Server thread/INFO] (Minecraft) Default game type: SURVIVAL
[18:54:37] [Server thread/INFO] (Minecraft) Generating keypair
[18:54:37] [Server thread/INFO] (Minecraft) Starting Minecraft server on *:25565
[18:54:37] [Server thread/INFO] (Minecraft) Using default channel type
[18:54:37] [Server thread/INFO] (Minecraft) Preparing level "world"
[18:54:40] [Server thread/INFO] (Minecraft) Preparing start region for dimension minecraft:overworld
[18:54:40] [Worker-Main-1/INFO] (Minecraft) Preparing spawn area: 2%
[18:54:40] [Worker-Main-2/INFO] (Minecraft) Preparing spawn area: 2%
[18:54:41] [Worker-Main-11/INFO] (Minecraft) Preparing spawn area: 18%
[18:54:41] [Worker-Main-9/INFO] (Minecraft) Preparing spawn area: 22%
[18:54:42] [Worker-Main-8/INFO] (Minecraft) Preparing spawn area: 51%
[18:54:42] [Server thread/INFO] (Minecraft) Time elapsed: 2256 ms
[18:54:42] [Server thread/INFO] (Minecraft) Done (4.618s)! For help, type "help"
[18:55:11] [Server thread/INFO] (Minecraft) Stopping the server
[18:55:11] [Server thread/INFO] (Minecraft) Stopping server
[18:55:11] [Server thread/INFO] (Minecraft) Saving players
[18:55:11] [Server thread/INFO] (Minecraft) Saving worlds
[18:55:11] [Server thread/INFO] (Minecraft) Saving chunks for level 'ServerLevel[world]'/minecraft:overworld
[18:55:11] [Server thread/INFO] (Minecraft) Saving chunks for level 'ServerLevel[world]'/minecraft:the_end
[18:55:11] [Server thread/INFO] (Minecraft) Saving chunks for level 'ServerLevel[world]'/minecraft:the_nether
[18:55:11] [Server thread/INFO] (Minecraft) ThreadedAnvilChunkStorage (world): All chunks are saved
[18:55:11] [Server thread/INFO] (Minecraft) ThreadedAnvilChunkStorage (DIM1): All chunks are saved
[18:55:11] [Server thread/INFO] (Minecraft) ThreadedAnvilChunkStorage (DIM-1): All chunks are saved
[18:55:11] [Server thread/INFO] (Minecraft) ThreadedAnvilChunkStorage: All dimensions are saved
